<?xml version="1.0" encoding="UTF-8"?>
<!-- Generated by org.testng.reporters.JUnitReportReporter -->
<testsuite skipped="0" hostname="DESKTOP-330AV3B" name="scripts.LoginTestClass" tests="1" failures="0" timestamp="04 Jun 2018 13:52:04 GMT" time="18.511" errors="0">
  <testcase name="login" time="18.511" classname="scripts.LoginTestClass"/>
</testsuite> <!-- scripts.LoginTestClass -->
