<?xml version="1.0" encoding="UTF-8"?>
<!-- Generated by org.testng.reporters.JUnitReportReporter -->
<testsuite skipped="0" hostname="DESKTOP-330AV3B" name="scripts.HomePageTestClass" tests="1" failures="0" timestamp="04 Jun 2018 12:04:20 GMT" time="30.092" errors="0">
  <testcase name="home" time="30.092" classname="scripts.HomePageTestClass"/>
</testsuite> <!-- scripts.HomePageTestClass -->
